2014/06/11 23:57:27 INFO  - jmeter.util.JMeterUtils: Setting Locale to en_US 
2014/06/11 23:57:27 INFO  - jmeter.JMeter: Loading user properties from: /home/bhabuzian/apache-jmeter-2.11/bin/user.properties 
2014/06/11 23:57:27 INFO  - jmeter.JMeter: Loading system properties from: /home/bhabuzian/apache-jmeter-2.11/bin/system.properties 
2014/06/11 23:57:27 INFO  - jmeter.JMeter: Setting JMeter property: USERS=5 
2014/06/11 23:57:27 INFO  - jmeter.JMeter: Copyright (c) 1998-2014 The Apache Software Foundation 
2014/06/11 23:57:27 INFO  - jmeter.JMeter: Version 2.11 r1554548 
2014/06/11 23:57:27 INFO  - jmeter.JMeter: java.version=1.6.0_31 
2014/06/11 23:57:27 INFO  - jmeter.JMeter: java.vm.name=OpenJDK Server VM 
2014/06/11 23:57:27 INFO  - jmeter.JMeter: os.name=Linux 
2014/06/11 23:57:27 INFO  - jmeter.JMeter: os.arch=i386 
2014/06/11 23:57:27 INFO  - jmeter.JMeter: os.version=3.8.0-29-generic 
2014/06/11 23:57:27 INFO  - jmeter.JMeter: file.encoding=UTF-8 
2014/06/11 23:57:27 INFO  - jmeter.JMeter: Default Locale=English (United States) 
2014/06/11 23:57:27 INFO  - jmeter.JMeter: JMeter  Locale=English (United States) 
2014/06/11 23:57:27 INFO  - jmeter.JMeter: JMeterHome=/home/bhabuzian/apache-jmeter-2.11 
2014/06/11 23:57:27 INFO  - jmeter.JMeter: user.dir  =/home/bhabuzian 
2014/06/11 23:57:27 INFO  - jmeter.JMeter: PWD       =/home/bhabuzian 
2014/06/11 23:57:27 INFO  - jmeter.JMeter: IP: 127.0.1.1 Name: Ghabuzian-desktop FullName: Ghabuzian-desktop 
2014/06/11 23:57:27 INFO  - jmeter.services.FileServer: Default base='/home/bhabuzian' 
2014/06/11 23:57:27 INFO  - jmeter.services.FileServer: Set new base='/home/bhabuzian/apache-jmeter-2.11/bin' 
2014/06/11 23:57:27 INFO  - jmeter.JMeter: Loading file: /home/bhabuzian/apache-jmeter-2.11/bin/Checkers4.jmx 
2014/06/11 23:57:27 INFO  - jmeter.save.SaveService: Testplan (JMX) version: 2.2. Testlog (JTL) version: 2.2 
2014/06/11 23:57:27 INFO  - jmeter.save.SaveService: Using SaveService properties file encoding UTF-8 
2014/06/11 23:57:27 INFO  - jmeter.save.SaveService: Using SaveService properties version 2.6 
2014/06/11 23:57:27 INFO  - jmeter.save.SaveService: Using SaveService properties file version 1554411 
2014/06/11 23:57:27 INFO  - jmeter.save.SaveService: All converter versions present and correct 
2014/06/11 23:57:28 INFO  - jmeter.protocol.http.sampler.HTTPSamplerBase: Cannot find .className property for htmlParser, using default 
2014/06/11 23:57:28 INFO  - jmeter.protocol.http.sampler.HTTPSamplerBase: Parser for text/html is  
2014/06/11 23:57:28 INFO  - jmeter.protocol.http.sampler.HTTPSamplerBase: Parser for application/xhtml+xml is  
2014/06/11 23:57:28 INFO  - jmeter.protocol.http.sampler.HTTPSamplerBase: Parser for application/xml is  
2014/06/11 23:57:28 INFO  - jmeter.protocol.http.sampler.HTTPSamplerBase: Parser for text/xml is  
2014/06/11 23:57:28 INFO  - jmeter.protocol.http.sampler.HTTPSamplerBase: Parser for text/vnd.wap.wml is org.apache.jmeter.protocol.http.parser.RegexpHTMLParser 
2014/06/11 23:57:28 INFO  - jmeter.JMeter: Creating summariser <summary> 
2014/06/11 23:57:28 INFO  - jmeter.engine.StandardJMeterEngine: Listeners will be started after enabling running version 
2014/06/11 23:57:28 INFO  - jmeter.engine.StandardJMeterEngine: To revert to the earlier behaviour, define jmeterengine.startlistenerslater=false 
2014/06/11 23:57:28 INFO  - jmeter.engine.StandardJMeterEngine: Running the test! 
2014/06/11 23:57:28 INFO  - jmeter.samplers.SampleEvent: List of sample_variables: [] 
2014/06/11 23:57:28 INFO  - jmeter.samplers.SampleEvent: List of sample_variables: [] 
2014/06/11 23:57:28 INFO  - jmeter.engine.util.CompoundVariable: Note: Function class names must contain the string: '.functions.' 
2014/06/11 23:57:28 INFO  - jmeter.engine.util.CompoundVariable: Note: Function class names must not contain the string: '.gui.' 
2014/06/11 23:57:28 INFO  - jmeter.JMeter: Running test (1402516648251) 
2014/06/11 23:57:28 INFO  - jmeter.engine.StandardJMeterEngine: Starting ThreadGroup: 1 : Users 
2014/06/11 23:57:28 INFO  - jmeter.engine.StandardJMeterEngine: Starting 5 threads for group Users. 
2014/06/11 23:57:28 INFO  - jmeter.engine.StandardJMeterEngine: Thread will continue on error 
2014/06/11 23:57:28 INFO  - jmeter.threads.ThreadGroup: Starting thread group number 1 threads 5 ramp-up 1 perThread 200.0 delayedStart=false 
2014/06/11 23:57:28 INFO  - jmeter.threads.JMeterThread: jmeterthread.startearlier=true (see jmeter.properties) 
2014/06/11 23:57:28 INFO  - jmeter.threads.JMeterThread: Running PostProcessors in forward order 
2014/06/11 23:57:28 INFO  - jmeter.threads.ThreadGroup: Started thread group number 1 
2014/06/11 23:57:28 INFO  - jmeter.engine.StandardJMeterEngine: All thread groups have been started 
2014/06/11 23:57:28 INFO  - jmeter.threads.JMeterThread: Thread started: Users 1-1 
2014/06/11 23:57:28 INFO  - jmeter.protocol.http.sampler.HTTPHCAbstractImpl: Local host = Ghabuzian-desktop 
2014/06/11 23:57:28 INFO  - jmeter.protocol.http.sampler.HTTPHC4Impl: HTTP request retry count = 0 
2014/06/11 23:57:28 INFO  - jmeter.protocol.http.sampler.HTTPHC4Impl: Setting up HTTPS TrustAll scheme 
2014/06/11 23:57:28 INFO  - jmeter.util.JsseSSLManager: Using default SSL protocol: TLS 
2014/06/11 23:57:28 INFO  - jmeter.util.JsseSSLManager: SSL session context: per-thread 
2014/06/11 23:57:28 INFO  - jmeter.threads.JMeterThread: Thread started: Users 1-2 
2014/06/11 23:57:28 INFO  - jmeter.samplers.SampleResult: Note: Sample TimeStamps are START times 
2014/06/11 23:57:28 INFO  - jmeter.samplers.SampleResult: sampleresult.default.encoding is set to ISO-8859-1 
2014/06/11 23:57:28 INFO  - jmeter.samplers.SampleResult: sampleresult.useNanoTime=true 
2014/06/11 23:57:28 INFO  - jmeter.samplers.SampleResult: sampleresult.nanoThreadSleep=5000 
2014/06/11 23:57:28 INFO  - jmeter.threads.JMeterThread: Thread started: Users 1-3 
2014/06/11 23:57:28 INFO  - jmeter.threads.JMeterThread: Thread started: Users 1-4 
2014/06/11 23:57:28 INFO  - jmeter.threads.JMeterThread: Thread finished: Users 1-1 
2014/06/11 23:57:28 INFO  - jmeter.threads.JMeterThread: Thread finished: Users 1-3 
2014/06/11 23:57:29 INFO  - jmeter.threads.JMeterThread: Thread finished: Users 1-2 
2014/06/11 23:57:29 INFO  - jmeter.threads.JMeterThread: Thread finished: Users 1-4 
2014/06/11 23:57:29 INFO  - jmeter.threads.JMeterThread: Thread started: Users 1-5 
2014/06/11 23:57:29 INFO  - jmeter.threads.JMeterThread: Thread finished: Users 1-5 
2014/06/11 23:57:29 INFO  - jmeter.engine.StandardJMeterEngine: Notifying test listeners of end of test 
2014/06/11 23:57:29 INFO  - jmeter.reporters.Summariser: summary =     50 in   0.4s =  130.9/s Avg:    14 Min:     2 Max:   139 Err:     0 (0.00%) 
