2014/06/11 23:58:55 INFO  - jmeter.util.JMeterUtils: Setting Locale to en_US 
2014/06/11 23:58:55 INFO  - jmeter.JMeter: Loading user properties from: /home/bhabuzian/apache-jmeter-2.11/bin/user.properties 
2014/06/11 23:58:55 INFO  - jmeter.JMeter: Loading system properties from: /home/bhabuzian/apache-jmeter-2.11/bin/system.properties 
2014/06/11 23:58:55 INFO  - jmeter.JMeter: Copyright (c) 1998-2014 The Apache Software Foundation 
2014/06/11 23:58:55 INFO  - jmeter.JMeter: Version 2.11 r1554548 
2014/06/11 23:58:55 INFO  - jmeter.JMeter: java.version=1.6.0_31 
2014/06/11 23:58:55 INFO  - jmeter.JMeter: java.vm.name=OpenJDK Server VM 
2014/06/11 23:58:55 INFO  - jmeter.JMeter: os.name=Linux 
2014/06/11 23:58:55 INFO  - jmeter.JMeter: os.arch=i386 
2014/06/11 23:58:55 INFO  - jmeter.JMeter: os.version=3.8.0-29-generic 
2014/06/11 23:58:55 INFO  - jmeter.JMeter: file.encoding=UTF-8 
2014/06/11 23:58:55 INFO  - jmeter.JMeter: Default Locale=English (United States) 
2014/06/11 23:58:55 INFO  - jmeter.JMeter: JMeter  Locale=English (United States) 
2014/06/11 23:58:55 INFO  - jmeter.JMeter: JMeterHome=/home/bhabuzian/apache-jmeter-2.11 
2014/06/11 23:58:55 INFO  - jmeter.JMeter: user.dir  =/home/bhabuzian/DavidGhabuzianInstegate/Jmeter 
2014/06/11 23:58:55 INFO  - jmeter.JMeter: PWD       =/home/bhabuzian/DavidGhabuzianInstegate/Jmeter 
2014/06/11 23:58:55 INFO  - jmeter.JMeter: IP: 127.0.1.1 Name: Ghabuzian-desktop FullName: Ghabuzian-desktop 
2014/06/11 23:58:55 INFO  - jmeter.JMeter: Loaded icon properties from org/apache/jmeter/images/icon.properties 
2014/06/11 23:58:56 INFO  - jmeter.engine.util.CompoundVariable: Note: Function class names must contain the string: '.functions.' 
2014/06/11 23:58:56 INFO  - jmeter.engine.util.CompoundVariable: Note: Function class names must not contain the string: '.gui.' 
2014/06/11 23:58:57 INFO  - jmeter.gui.action.LookAndFeelCommand: Using look and feel: javax.swing.plaf.metal.MetalLookAndFeel [Metal, CrossPlatform] 
2014/06/11 23:58:57 INFO  - jmeter.util.BSFTestElement: Registering JMeter version of JavaScript engine as work-round for BSF-22 
2014/06/11 23:58:58 INFO  - jmeter.protocol.http.sampler.HTTPSamplerBase: Cannot find .className property for htmlParser, using default 
2014/06/11 23:58:58 INFO  - jmeter.protocol.http.sampler.HTTPSamplerBase: Parser for text/html is  
2014/06/11 23:58:58 INFO  - jmeter.protocol.http.sampler.HTTPSamplerBase: Parser for application/xhtml+xml is  
2014/06/11 23:58:58 INFO  - jmeter.protocol.http.sampler.HTTPSamplerBase: Parser for application/xml is  
2014/06/11 23:58:58 INFO  - jmeter.protocol.http.sampler.HTTPSamplerBase: Parser for text/xml is  
2014/06/11 23:58:58 INFO  - jmeter.protocol.http.sampler.HTTPSamplerBase: Parser for text/vnd.wap.wml is org.apache.jmeter.protocol.http.parser.RegexpHTMLParser 
2014/06/11 23:58:58 INFO  - jmeter.gui.util.MenuFactory: Skipping org.apache.jmeter.protocol.http.control.gui.WebServiceSamplerGui 
2014/06/11 23:58:58 INFO  - jmeter.gui.util.MenuFactory: Skipping org.apache.jmeter.protocol.http.modifier.gui.ParamModifierGui 
2014/06/11 23:58:58 INFO  - jorphan.exec.KeyToolUtils: keytool found at 'keytool' 
2014/06/11 23:58:58 WARN  - jmeter.protocol.http.proxy.ProxyControl: HTTP(S) Test Script Recorder SSL Proxy will use keys that may not work for embedded resources in file /home/bhabuzian/apache-jmeter-2.11/bin/proxyserver.jks 
2014/06/11 23:58:59 INFO  - jmeter.samplers.SampleResult: Note: Sample TimeStamps are START times 
2014/06/11 23:58:59 INFO  - jmeter.samplers.SampleResult: sampleresult.default.encoding is set to ISO-8859-1 
2014/06/11 23:58:59 INFO  - jmeter.samplers.SampleResult: sampleresult.useNanoTime=true 
2014/06/11 23:58:59 INFO  - jmeter.samplers.SampleResult: sampleresult.nanoThreadSleep=5000 
2014/06/11 23:59:05 INFO  - jmeter.services.FileServer: Default base='/home/bhabuzian/DavidGhabuzianInstegate/Jmeter' 
2014/06/11 23:59:05 INFO  - jmeter.gui.action.Load: Loading file: /home/bhabuzian/DavidGhabuzianInstegate/Jmeter/Checkers4.jmx 
2014/06/11 23:59:05 INFO  - jmeter.services.FileServer: Set new base='/home/bhabuzian/DavidGhabuzianInstegate/Jmeter' 
2014/06/11 23:59:05 INFO  - jmeter.save.SaveService: Testplan (JMX) version: 2.2. Testlog (JTL) version: 2.2 
2014/06/11 23:59:05 INFO  - jmeter.save.SaveService: Using SaveService properties file encoding UTF-8 
2014/06/11 23:59:05 INFO  - jmeter.save.SaveService: Using SaveService properties version 2.6 
2014/06/11 23:59:05 INFO  - jmeter.save.SaveService: Using SaveService properties file version 1554411 
2014/06/11 23:59:05 INFO  - jmeter.save.SaveService: All converter versions present and correct 
2014/06/11 23:59:05 INFO  - jmeter.services.FileServer: Set new base='/home/bhabuzian/DavidGhabuzianInstegate/Jmeter' 
2014/06/11 23:59:08 INFO  - jmeter.engine.StandardJMeterEngine: Listeners will be started after enabling running version 
2014/06/11 23:59:08 INFO  - jmeter.engine.StandardJMeterEngine: To revert to the earlier behaviour, define jmeterengine.startlistenerslater=false 
2014/06/11 23:59:08 INFO  - jmeter.engine.StandardJMeterEngine: Running the test! 
2014/06/11 23:59:08 INFO  - jmeter.samplers.SampleEvent: List of sample_variables: [] 
2014/06/11 23:59:08 INFO  - jmeter.samplers.SampleEvent: List of sample_variables: [] 
2014/06/11 23:59:08 INFO  - jmeter.gui.util.JMeterMenuBar: setRunning(true,*local*) 
2014/06/11 23:59:08 INFO  - jmeter.engine.StandardJMeterEngine: Starting ThreadGroup: 1 : Users 
2014/06/11 23:59:08 INFO  - jmeter.engine.StandardJMeterEngine: Starting 0 threads for group Users. 
2014/06/11 23:59:08 INFO  - jmeter.engine.StandardJMeterEngine: Thread will continue on error 
2014/06/11 23:59:08 INFO  - jmeter.threads.ThreadGroup: Starting thread group number 1 threads 0 ramp-up 1 perThread Infinity delayedStart=false 
2014/06/11 23:59:08 INFO  - jmeter.threads.ThreadGroup: Started thread group number 1 
2014/06/11 23:59:08 INFO  - jmeter.engine.StandardJMeterEngine: All thread groups have been started 
2014/06/11 23:59:08 INFO  - jmeter.engine.StandardJMeterEngine: Notifying test listeners of end of test 
2014/06/11 23:59:08 INFO  - jmeter.gui.util.JMeterMenuBar: setRunning(false,*local*) 
2014/06/11 23:59:19 INFO  - jmeter.engine.StandardJMeterEngine: Running the test! 
2014/06/11 23:59:19 INFO  - jmeter.samplers.SampleEvent: List of sample_variables: [] 
2014/06/11 23:59:19 INFO  - jmeter.gui.util.JMeterMenuBar: setRunning(true,*local*) 
2014/06/11 23:59:19 INFO  - jmeter.engine.StandardJMeterEngine: Starting ThreadGroup: 1 : Users 
2014/06/11 23:59:19 INFO  - jmeter.engine.StandardJMeterEngine: Starting 0 threads for group Users. 
2014/06/11 23:59:19 INFO  - jmeter.engine.StandardJMeterEngine: Thread will continue on error 
2014/06/11 23:59:19 INFO  - jmeter.threads.ThreadGroup: Starting thread group number 1 threads 0 ramp-up 1 perThread Infinity delayedStart=false 
2014/06/11 23:59:19 INFO  - jmeter.threads.ThreadGroup: Started thread group number 1 
2014/06/11 23:59:19 INFO  - jmeter.engine.StandardJMeterEngine: All thread groups have been started 
2014/06/11 23:59:19 INFO  - jmeter.engine.StandardJMeterEngine: Notifying test listeners of end of test 
2014/06/11 23:59:19 INFO  - jmeter.gui.util.JMeterMenuBar: setRunning(false,*local*) 
2014/06/11 23:59:20 INFO  - jmeter.engine.StandardJMeterEngine: Running the test! 
2014/06/11 23:59:20 INFO  - jmeter.samplers.SampleEvent: List of sample_variables: [] 
2014/06/11 23:59:20 INFO  - jmeter.gui.util.JMeterMenuBar: setRunning(true,*local*) 
2014/06/11 23:59:21 INFO  - jmeter.engine.StandardJMeterEngine: Starting ThreadGroup: 1 : Users 
2014/06/11 23:59:21 INFO  - jmeter.engine.StandardJMeterEngine: Starting 0 threads for group Users. 
2014/06/11 23:59:21 INFO  - jmeter.engine.StandardJMeterEngine: Thread will continue on error 
2014/06/11 23:59:21 INFO  - jmeter.threads.ThreadGroup: Starting thread group number 1 threads 0 ramp-up 1 perThread Infinity delayedStart=false 
2014/06/11 23:59:21 INFO  - jmeter.threads.ThreadGroup: Started thread group number 1 
2014/06/11 23:59:21 INFO  - jmeter.engine.StandardJMeterEngine: All thread groups have been started 
2014/06/11 23:59:21 INFO  - jmeter.engine.StandardJMeterEngine: Notifying test listeners of end of test 
2014/06/11 23:59:21 INFO  - jmeter.gui.util.JMeterMenuBar: setRunning(false,*local*) 
2014/06/11 23:59:22 INFO  - jmeter.engine.StandardJMeterEngine: Running the test! 
2014/06/11 23:59:22 INFO  - jmeter.samplers.SampleEvent: List of sample_variables: [] 
2014/06/11 23:59:22 INFO  - jmeter.gui.util.JMeterMenuBar: setRunning(true,*local*) 
2014/06/11 23:59:22 INFO  - jmeter.engine.StandardJMeterEngine: Starting ThreadGroup: 1 : Users 
2014/06/11 23:59:22 INFO  - jmeter.engine.StandardJMeterEngine: Starting 0 threads for group Users. 
2014/06/11 23:59:22 INFO  - jmeter.engine.StandardJMeterEngine: Thread will continue on error 
2014/06/11 23:59:22 INFO  - jmeter.threads.ThreadGroup: Starting thread group number 1 threads 0 ramp-up 1 perThread Infinity delayedStart=false 
2014/06/11 23:59:22 INFO  - jmeter.threads.ThreadGroup: Started thread group number 1 
2014/06/11 23:59:22 INFO  - jmeter.engine.StandardJMeterEngine: All thread groups have been started 
2014/06/11 23:59:22 INFO  - jmeter.engine.StandardJMeterEngine: Notifying test listeners of end of test 
2014/06/11 23:59:22 INFO  - jmeter.gui.util.JMeterMenuBar: setRunning(false,*local*) 
